<?xml version="1.0" encoding="UTF-8"?>
<!-- Generated by org.testng.reporters.JUnitReportReporter -->
<testsuite hostname="LAPTOP-88SLRP4G" failures="0" tests="1" name="com.org.learningMaven.HelloWorldTest" time="7.608" errors="0" timestamp="2020-07-26T21:12:47 EEST" skipped="0">
  <testcase classname="com.org.learningMaven.HelloWorldTest" name="Login" time="7.608"/>
  <system-out/>
</testsuite> <!-- com.org.learningMaven.HelloWorldTest -->
