<?xml version="1.0" encoding="UTF-8"?>
<!-- Generated by org.testng.reporters.JUnitReportReporter -->
<testsuite hostname="LAPTOP-88SLRP4G" failures="0" tests="1" name="com.org.learningMaven.HelloWorldTest" time="6.255" errors="0" timestamp="26 Jul 2020 18:13:21 GMT">
  <testcase classname="com.org.learningMaven.HelloWorldTest" name="Login" time="6.255"/>
</testsuite> <!-- com.org.learningMaven.HelloWorldTest -->
